<?xml version="1.0" encoding="UTF-8"?>
<!-- Generated by org.testng.reporters.JUnitReportReporter -->
<testsuite hostname="Khajas-MacBook-Pro.local" name="khaja.FlickrAddUpdateComment" tests="1" failures="0" timestamp="3 Nov 2016 15:30:55 GMT" time="6.569" errors="0">
  <testcase name="flickrCommentUpdateSameComment" time="6.569" classname="khaja.FlickrAddUpdateComment"/>
</testsuite> <!-- khaja.FlickrAddUpdateComment -->
